<?xml version="1.0" encoding="UTF-8"?>
<!-- Generated by org.testng.reporters.JUnitReportReporter -->
<testsuite skipped="0" hostname="DESKTOP-13E63KC" name="com.app.ohrm.Testscript.AddEmployeeTest" tests="1" failures="0" timestamp="2020-11-26T18:40:40 IST" time="16.454" errors="0">
  <testcase name="testAddEmployee" time="16.454" classname="com.app.ohrm.Testscript.AddEmployeeTest"/>
</testsuite> <!-- com.app.ohrm.Testscript.AddEmployeeTest -->
