<?xml version="1.0" encoding="UTF-8"?>
<!-- Generated by org.testng.reporters.JUnitReportReporter -->
<testsuite skipped="0" hostname="DESKTOP-13E63KC" name="com.app.ohrm.Testscript.PersonalDetailsTest" tests="1" failures="0" timestamp="2020-11-30T19:31:08 IST" time="17.026" errors="0">
  <testcase name="testPerDetails_MyInfo" time="17.026" classname="com.app.ohrm.Testscript.PersonalDetailsTest"/>
</testsuite> <!-- com.app.ohrm.Testscript.PersonalDetailsTest -->
