<?xml version="1.0" encoding="UTF-8"?>
<!-- Generated by org.testng.reporters.JUnitReportReporter -->
<testsuite skipped="0" hostname="DESKTOP-13E63KC" name="com.app.ohrm.Testscript.PersonalDetailsTest" tests="1" failures="0" timestamp="2020-12-01T01:53:55 IST" time="25.700" errors="0">
  <testcase name="testPerDetails_MyInfo" time="25.700" classname="com.app.ohrm.Testscript.PersonalDetailsTest"/>
</testsuite> <!-- com.app.ohrm.Testscript.PersonalDetailsTest -->
