<?xml version="1.0" encoding="UTF-8"?>
<!-- Generated by org.testng.reporters.JUnitReportReporter -->
<testsuite skipped="0" hostname="DESKTOP-13E63KC" name="com.app.ohrm.Testscript.ValidLogin" tests="1" failures="0" timestamp="2020-11-18T21:14:31 IST" time="20.127" errors="0">
  <testcase name="testValidLogin" time="20.127" classname="com.app.ohrm.Testscript.ValidLogin"/>
</testsuite> <!-- com.app.ohrm.Testscript.ValidLogin -->
