<?xml version="1.0" encoding="UTF-8"?>
<!-- Generated by org.testng.reporters.JUnitReportReporter -->
<testsuite skipped="0" hostname="DESKTOP-13E63KC" name="com.app.ohrm.Testscript.ValidLogin" tests="1" failures="0" timestamp="2020-11-30T15:30:49 IST" time="14.280" errors="0">
  <testcase name="testValidLogin" time="14.280" classname="com.app.ohrm.Testscript.ValidLogin"/>
</testsuite> <!-- com.app.ohrm.Testscript.ValidLogin -->
