<?xml version="1.0" encoding="UTF-8"?>
<!-- Generated by org.testng.reporters.JUnitReportReporter -->
<testsuite skipped="0" hostname="DESKTOP-13E63KC" name="com.app.ohrm.Testscript.AddEmployeeTest" tests="1" failures="0" timestamp="2020-11-30T19:42:18 IST" time="18.319" errors="0">
  <testcase name="testAddEmployee" time="18.319" classname="com.app.ohrm.Testscript.AddEmployeeTest"/>
</testsuite> <!-- com.app.ohrm.Testscript.AddEmployeeTest -->
